2020-08-13 14:04:54.651342 [info] : Node: ========== Server init ==========
2020-08-13 14:04:54.651374 [info] : Node: Port:1316, Linger: false
2020-08-13 14:04:54.651464 [info] : Node: Listen Mode: ET, Connection Mode: ET
2020-08-13 14:04:54.651532 [info] : Node: LogSys level: 0
2020-08-13 14:04:54.651552 [info] : Node: src_dir: /code/cl/cpp-dev/torchServer/resources
2020-08-13 14:04:54.651568 [info] : Node: ThreadPool num: 6, SQLPool num :12
2020-08-13 14:04:54.651585 [info] : Node: ========== Server start ==========
2020-08-13 14:04:58.581864 [info] : Client[6](223.3.86.133:13133) in, userCount:1
2020-08-13 14:04:58.582010 [info] : Node: Client[6] in! total connection cnt: 1
2020-08-13 14:04:58.582051 [info] : Client[7](223.3.86.133:13132) in, userCount:2
2020-08-13 14:04:58.582080 [info] : Node: Client[7] in! total connection cnt: 2
2020-08-13 14:04:58.584097 [debug]: [GET], [/index.html], [1.1]
2020-08-13 14:04:58.584174 [debug]: /index.html
2020-08-13 14:04:58.584243 [debug]: file path /code/cl/cpp-dev/torchServer/resources/index.html
2020-08-13 14:04:58.584294 [debug]: filesize:443, 2  to 559
2020-08-13 14:04:58.584510 [debug]: Node: keepAlive!
2020-08-13 14:05:00.370856 [debug]: [GET], [/login.html], [1.1]
2020-08-13 14:05:00.371003 [debug]: /login.html
2020-08-13 14:05:00.371115 [debug]: file path /code/cl/cpp-dev/torchServer/resources/login.html
2020-08-13 14:05:00.371169 [debug]: filesize:712, 2  to 828
2020-08-13 14:05:00.371327 [debug]: Node: keepAlive!
2020-08-13 14:05:03.584496 [info] : Node: Client[7] quit!
2020-08-13 14:05:03.584679 [info] : Client[7](223.3.86.133:13132) quit, UserCount:1
2020-08-13 14:05:05.372564 [info] : Node: Client[6] quit!
